0 info it worked if it ends with ok
1 verbose cli [ 'C:\\nodejs12.7npm2\\node.exe',
1 verbose cli   'C:\\nodejs12.7npm2\\node_modules\\npm\\bin\\npm-cli.js',
1 verbose cli   'run' ]
2 info using npm@3.7.3
3 info using node@v5.6.0
4 verbose stack Error: Failed to parse json
4 verbose stack Unexpected token 's' at 8:6
4 verbose stack     "start":"tsc -w"
4 verbose stack      ^
4 verbose stack     at parseError (c:\nvm\v0.12.7\node_modules\npm\node_modules\read-package-json\read-json.js:379:11)
4 verbose stack     at parseJson (c:\nvm\v0.12.7\node_modules\npm\node_modules\read-package-json\read-json.js:68:23)
4 verbose stack     at c:\nvm\v0.12.7\node_modules\npm\node_modules\read-package-json\read-json.js:48:5
4 verbose stack     at c:\nvm\v0.12.7\node_modules\npm\node_modules\graceful-fs\graceful-fs.js:78:16
4 verbose stack     at tryToString (fs.js:414:3)
4 verbose stack     at FSReqWrap.readFileAfterClose [as oncomplete] (fs.js:401:12)
5 verbose cwd D:\oldf\zellnote\tsstudy
6 error Windows_NT 6.1.7601
7 error argv "C:\\nodejs12.7npm2\\node.exe" "C:\\nodejs12.7npm2\\node_modules\\npm\\bin\\npm-cli.js" "run"
8 error node v5.6.0
9 error npm  v3.7.3
10 error file D:\oldf\zellnote\tsstudy\package.json
11 error code EJSONPARSE
12 error Failed to parse json
12 error Unexpected token 's' at 8:6
12 error     "start":"tsc -w"
12 error      ^
13 error File: D:\oldf\zellnote\tsstudy\package.json
14 error Failed to parse package.json data.
14 error package.json must be actual JSON, not just JavaScript.
14 error
14 error This is not a bug in npm.
14 error Tell the package author to fix their package.json file. JSON.parse
15 verbose exit [ 1, true ]
