0 info it worked if it ends with ok
1 verbose cli [ 'C:\\nodejs12.7npm2\\node.exe',
1 verbose cli   'C:\\nodejs12.7npm2\\node_modules\\npm\\bin\\npm-cli.js',
1 verbose cli   'start' ]
2 info using npm@3.10.9
3 info using node@v6.9.1
4 verbose run-script [ 'prestart', 'start', 'poststart' ]
5 info lifecycle act01@1.0.0~prestart: act01@1.0.0
6 silly lifecycle act01@1.0.0~prestart: no script for prestart, continuing
7 info lifecycle act01@1.0.0~start: act01@1.0.0
8 verbose lifecycle act01@1.0.0~start: unsafe-perm in lifecycle true
9 verbose lifecycle act01@1.0.0~start: PATH: c:\nvm\v0.12.7\node_modules\npm\bin\node-gyp-bin;D:\oldf\zellnote\webpack\act01\node_modules\.bin;c:\program files\graphicsmagick-1.3.25-q8;C:\Users\huangguangyao\.windows-build-tools\python27\;C:\Users\huangguangyao\.windows-build-tools\python27\Scripts;c:\program files (x86)\graphicsmagick-1.3.21-q8;C:\Ruby22-x64\bin;C:\Windows\system32;C:\Windows;C:\Windows\System32\Wbem;C:\Windows\System32\WindowsPowerShell\v1.0\;C:\Program Files (x86)\Intel\OpenCL SDK\3.0\bin\x86;C:\Program Files (x86)\Intel\OpenCL SDK\3.0\bin\x64;D:\olde\Program\ant\bin;%TFSPowerToolDir%;%BPADir%;C:\Program Files (x86)\Microsoft Visual Studio 10.0\Common7\IDE;C:\Program Files\TortoiseSVN\bin;D:\olde\projectA\source\web\ffmpeg\bin;C:\Program Files\nodejs\node_modules\casperjs\bin;C:\nvm;C:\nodejs12.7npm2;C:\nodejs\node_modules\casperjs\bin;C:\Tesseract-OCR;C:\NSIS;C:\NSIS\bin;D:\oldg\fmpp_0.9.14\bin\;D:\olde\projectA\source\web\myproject\doudou\.bin;C:\nvm;C:\nodejs12.7npm2;D:\olde\Program\jdk\jdk1.6.0_20\;D:\olde\Program\jdk\jdk1.6.0_20\bin;C:\Program Files (x86)\Fuse\;C:\Users\huangguangyao\AppData\Local\.meteor\;D:\cmder;D:\gogs;D:\MySQL\MySQL5.7\bin;D:\php;D:\php\ext;C:\Program Files\Microsoft\Web Platform Installer\;C:\ProgramData\chocolatey\bin;C:\Program Files (x86)\Pandoc\;C:\Program Files\MiKTeX 2.9\miktex\bin\x64\;C:\Program Files\Microsoft SQL Server\130\Tools\Binn\;C:\Program Files (x86)\Windows Kits\8.1\Windows Performance Toolkit\;D:\Python27\;D:\Python27\Scripts;C:\Windows\system32;C:\Windows;C:\Windows\System32\Wbem;C:\Windows\System32\WindowsPowerShell\v1.0\;C:\Program Files (x86)\Intel\OpenCL SDK\3.0\bin\x86;C:\Program Files (x86)\Intel\OpenCL SDK\3.0\bin\x64;D:\olde\Program\jdk\jdk1.6.0_20\;D:\olde\Program\jdk\jdk1.6.0_20\\bin;D:\olde\Program\ant\bin;%TFSPowerToolDir%;%BPADir%;C:\Program Files (x86)\Microsoft Visual Studio 10.0\Common7\IDE;D:\olde\projectA\source\web;D:\olde\projectA\source\web;C:\Program Files\TortoiseSVN\bin;D:\olde\projectA\source\web\ffmpeg\bin;D:\Program Files (x86)\Microsoft VS Code\bin;C:\Program Files\Docker Toolbox;C:\Program Files (x86)\Tesseract-OCR
10 verbose lifecycle act01@1.0.0~start: CWD: D:\oldf\zellnote\webpack\act01
11 silly lifecycle act01@1.0.0~start: Args: [ '/d /s /c', 'npm run watch' ]
12 silly lifecycle act01@1.0.0~start: Returned: code: 3221225786  signal: null
13 info lifecycle act01@1.0.0~start: Failed to exec start script
14 verbose stack Error: act01@1.0.0 start: `npm run watch`
14 verbose stack Exit status 3221225786
14 verbose stack     at EventEmitter.<anonymous> (c:\nvm\v0.12.7\node_modules\npm\lib\utils\lifecycle.js:255:16)
14 verbose stack     at emitTwo (events.js:106:13)
14 verbose stack     at EventEmitter.emit (events.js:191:7)
14 verbose stack     at ChildProcess.<anonymous> (c:\nvm\v0.12.7\node_modules\npm\lib\utils\spawn.js:40:14)
14 verbose stack     at emitTwo (events.js:106:13)
14 verbose stack     at ChildProcess.emit (events.js:191:7)
14 verbose stack     at maybeClose (internal/child_process.js:877:16)
14 verbose stack     at Process.ChildProcess._handle.onexit (internal/child_process.js:226:5)
15 verbose pkgid act01@1.0.0
16 verbose cwd D:\oldf\zellnote\webpack\act01
17 error Windows_NT 6.1.7601
18 error argv "C:\\nodejs12.7npm2\\node.exe" "C:\\nodejs12.7npm2\\node_modules\\npm\\bin\\npm-cli.js" "start"
19 error node v6.9.1
20 error npm  v3.10.9
21 error code ELIFECYCLE
22 error act01@1.0.0 start: `npm run watch`
22 error Exit status 3221225786
23 error Failed at the act01@1.0.0 start script 'npm run watch'.
23 error Make sure you have the latest version of node.js and npm installed.
23 error If you do, this is most likely a problem with the act01 package,
23 error not with npm itself.
23 error Tell the author that this fails on your system:
23 error     npm run watch
23 error You can get information on how to open an issue for this project with:
23 error     npm bugs act01
23 error Or if that isn't available, you can get their info via:
23 error     npm owner ls act01
23 error There is likely additional logging output above.
24 verbose exit [ 1, true ]
