0 info it worked if it ends with ok
1 verbose cli [ 'C:\\nodejs12.7npm2\\node.exe',
1 verbose cli   'C:\\nodejs12.7npm2\\node_modules\\npm\\bin\\npm-cli.js',
1 verbose cli   'start' ]
2 info using npm@3.10.9
3 info using node@v6.9.1
4 verbose run-script [ 'prestart', 'start', 'poststart' ]
5 info lifecycle jfuwrap@1.0.0~prestart: jfuwrap@1.0.0
6 silly lifecycle jfuwrap@1.0.0~prestart: no script for prestart, continuing
7 info lifecycle jfuwrap@1.0.0~start: jfuwrap@1.0.0
8 verbose lifecycle jfuwrap@1.0.0~start: unsafe-perm in lifecycle true
9 verbose lifecycle jfuwrap@1.0.0~start: PATH: c:\nvm\v0.12.7\node_modules\npm\bin\node-gyp-bin;C:\Users\huangguangyao\Desktop\testimageuploader\jfuwrap\node_modules\.bin;c:\program files\graphicsmagick-1.3.25-q8;C:\Users\huangguangyao\.windows-build-tools\python27\;C:\Users\huangguangyao\.windows-build-tools\python27\Scripts;c:\program files (x86)\graphicsmagick-1.3.21-q8;C:\Ruby22-x64\bin;C:\Windows\system32;C:\Windows;C:\Windows\System32\Wbem;C:\Windows\System32\WindowsPowerShell\v1.0\;C:\Program Files (x86)\Intel\OpenCL SDK\3.0\bin\x86;C:\Program Files (x86)\Intel\OpenCL SDK\3.0\bin\x64;D:\olde\Program\ant\bin;%TFSPowerToolDir%;%BPADir%;C:\Program Files (x86)\Microsoft Visual Studio 10.0\Common7\IDE;C:\Program Files\TortoiseSVN\bin;D:\olde\projectA\source\web\ffmpeg\bin;C:\Program Files\nodejs\node_modules\casperjs\bin;C:\nvm;C:\nodejs12.7npm2;C:\nodejs\node_modules\casperjs\bin;C:\Tesseract-OCR;C:\NSIS;C:\NSIS\bin;D:\oldg\fmpp_0.9.14\bin\;D:\olde\projectA\source\web\myproject\doudou\.bin;C:\nvm;C:\nodejs12.7npm2;D:\olde\Program\jdk\jdk1.6.0_20\;D:\olde\Program\jdk\jdk1.6.0_20\bin;C:\Program Files (x86)\Fuse\;C:\Users\huangguangyao\AppData\Local\.meteor\;D:\cmder;D:\gogs;D:\MySQL\MySQL5.7\bin;D:\php;D:\php\ext;C:\Program Files\Microsoft\Web Platform Installer\;C:\ProgramData\chocolatey\bin;C:\Program Files (x86)\Pandoc\;C:\Program Files\MiKTeX 2.9\miktex\bin\x64\;C:\Program Files\Microsoft SQL Server\130\Tools\Binn\;C:\Program Files (x86)\Windows Kits\8.1\Windows Performance Toolkit\;D:\Python27\;D:\Python27\Scripts;C:\Windows\system32;C:\Windows;C:\Windows\System32\Wbem;C:\Windows\System32\WindowsPowerShell\v1.0\;C:\Program Files (x86)\Intel\OpenCL SDK\3.0\bin\x86;C:\Program Files (x86)\Intel\OpenCL SDK\3.0\bin\x64;D:\olde\Program\jdk\jdk1.6.0_20\;D:\olde\Program\jdk\jdk1.6.0_20\\bin;D:\olde\Program\ant\bin;%TFSPowerToolDir%;%BPADir%;C:\Program Files (x86)\Microsoft Visual Studio 10.0\Common7\IDE;D:\olde\projectA\source\web;D:\olde\projectA\source\web;C:\Program Files\TortoiseSVN\bin;D:\olde\projectA\source\web\ffmpeg\bin;D:\Program Files (x86)\Microsoft VS Code\bin;C:\Program Files\Docker Toolbox;C:\Program Files (x86)\Tesseract-OCR
10 verbose lifecycle jfuwrap@1.0.0~start: CWD: C:\Users\huangguangyao\Desktop\testimageuploader\jfuwrap
11 silly lifecycle jfuwrap@1.0.0~start: Args: [ '/d /s /c', 'gulp' ]
12 verbose stack Error: kill ENOSYS
12 verbose stack     at exports._errnoException (util.js:1026:11)
12 verbose stack     at process.kill (internal/process.js:172:13)
12 verbose stack     at process.listener (c:\nvm\v0.12.7\node_modules\npm\node_modules\npmlog\node_modules\gauge\node_modules\signal-exit\index.js:86:15)
12 verbose stack     at emitNone (events.js:91:20)
12 verbose stack     at process.emit (events.js:185:7)
12 verbose stack     at processEmit (c:\nvm\v0.12.7\node_modules\npm\node_modules\npmlog\node_modules\gauge\node_modules\signal-exit\index.js:146:32)
12 verbose stack     at processEmit (c:\nvm\v0.12.7\node_modules\npm\node_modules\npm-registry-client\node_modules\npmlog\node_modules\gauge\node_modules\signal-exit\index.js:146:32)
12 verbose stack     at Signal.wrap.onsignal (internal/process.js:199:44)
13 verbose cwd C:\Users\huangguangyao\Desktop\testimageuploader\jfuwrap
14 error Windows_NT 6.1.7601
15 error argv "C:\\nodejs12.7npm2\\node.exe" "C:\\nodejs12.7npm2\\node_modules\\npm\\bin\\npm-cli.js" "start"
16 error node v6.9.1
17 error npm  v3.10.9
18 error code ENOSYS
19 error errno ENOSYS
20 error syscall kill
21 error kill ENOSYS
22 error If you need help, you may report this error at:
22 error     <https://github.com/npm/npm/issues>
23 verbose exit [ 1, true ]
